<?xml version="1.0" encoding="UTF-8"?>
<testng-results skipped="0" failed="1" ignored="0" total="1" passed="0">
  <reporter-output>
  </reporter-output>
  <suite name="Suite" duration-ms="16067" started-at="2021-06-16T05:55:17Z" finished-at="2021-06-16T05:55:33Z">
    <groups>
    </groups>
    <test name="Testng" duration-ms="16067" started-at="2021-06-16T05:55:17Z" finished-at="2021-06-16T05:55:33Z">
      <class name="com.jbk.tests.LoginPageTest1">
        <test-method status="PASS" signature="setUp()[pri:0, instance:com.jbk.tests.LoginPageTest1@8bd1b6a]" name="setUp" is-config="true" duration-ms="15397" started-at="2021-06-16T11:25:17Z" finished-at="2021-06-16T11:25:32Z">
          <reporter-output>
          </reporter-output>
        </test-method> <!-- setUp -->
        <test-method status="FAIL" signature="verifyPageTitle()[pri:1, instance:com.jbk.tests.LoginPageTest1@8bd1b6a]" name="verifyPageTitle" duration-ms="60" started-at="2021-06-16T11:25:32Z" finished-at="2021-06-16T11:25:32Z">
          <exception class="java.lang.NullPointerException">
            <full-stacktrace>
              <![CDATA[java.lang.NullPointerException
	at com.jbk.tests.LoginPageTest1.verifyPageTitle(LoginPageTest1.java:34)
	at sun.reflect.NativeMethodAccessorImpl.invoke0(Native Method)
	at sun.reflect.NativeMethodAccessorImpl.invoke(NativeMethodAccessorImpl.java:62)
	at sun.reflect.DelegatingMethodAccessorImpl.invoke(DelegatingMethodAccessorImpl.java:43)
	at java.lang.reflect.Method.invoke(Method.java:498)
	at org.testng.internal.MethodInvocationHelper.invokeMethod(MethodInvocationHelper.java:104)
	at org.testng.internal.Invoker.invokeMethod(Invoker.java:645)
	at org.testng.internal.Invoker.invokeTestMethod(Invoker.java:851)
	at org.testng.internal.Invoker.invokeTestMethods(Invoker.java:1177)
	at org.testng.internal.TestMethodWorker.invokeTestMethods(TestMethodWorker.java:129)
	at org.testng.internal.TestMethodWorker.run(TestMethodWorker.java:112)
	at org.testng.TestRunner.privateRun(TestRunner.java:756)
	at org.testng.TestRunner.run(TestRunner.java:610)
	at org.testng.SuiteRunner.runTest(SuiteRunner.java:387)
	at org.testng.SuiteRunner.runSequentially(SuiteRunner.java:382)
	at org.testng.SuiteRunner.privateRun(SuiteRunner.java:340)
	at org.testng.SuiteRunner.run(SuiteRunner.java:289)
	at org.testng.SuiteRunnerWorker.runSuite(SuiteRunnerWorker.java:52)
	at org.testng.SuiteRunnerWorker.run(SuiteRunnerWorker.java:86)
	at org.testng.TestNG.runSuitesSequentially(TestNG.java:1293)
	at org.testng.TestNG.runSuitesLocally(TestNG.java:1218)
	at org.testng.TestNG.runSuites(TestNG.java:1133)
	at org.testng.TestNG.run(TestNG.java:1104)
	at org.testng.remote.AbstractRemoteTestNG.run(AbstractRemoteTestNG.java:132)
	at org.testng.remote.RemoteTestNG.initAndRun(RemoteTestNG.java:236)
	at org.testng.remote.RemoteTestNG.main(RemoteTestNG.java:81)
]]>
            </full-stacktrace>
          </exception> <!-- java.lang.NullPointerException -->
          <reporter-output>
          </reporter-output>
        </test-method> <!-- verifyPageTitle -->
        <test-method status="PASS" signature="finsh()[pri:0, instance:com.jbk.tests.LoginPageTest1@8bd1b6a]" name="finsh" is-config="true" duration-ms="460" started-at="2021-06-16T11:25:32Z" finished-at="2021-06-16T11:25:33Z">
          <reporter-output>
          </reporter-output>
        </test-method> <!-- finsh -->
      </class> <!-- com.jbk.tests.LoginPageTest1 -->
    </test> <!-- Testng -->
  </suite> <!-- Suite -->
</testng-results>
