<?xml version="1.0" encoding="UTF-8"?>
<!-- Generated by org.testng.reporters.JUnitXMLReporter -->
<testsuite hostname="sai" ignored="0" name="Testng" tests="1" failures="1" timestamp="16 Jun 2021 05:55:33 GMT" time="16.067" errors="0">
  <testcase name="verifyPageTitle" time="0.06" classname="com.jbk.tests.LoginPageTest1">
    <failure type="java.lang.NullPointerException">
      <![CDATA[java.lang.NullPointerException
	at com.jbk.tests.LoginPageTest1.verifyPageTitle(LoginPageTest1.java:34)
... Removed 25 stack frames]]>
    </failure>
  </testcase> <!-- verifyPageTitle -->
</testsuite> <!-- Testng -->
