<?xml version="1.0" encoding="UTF-8"?>
<testng-results skipped="0" failed="0" ignored="0" total="1" passed="1">
  <reporter-output>
  </reporter-output>
  <suite name="com.jbk.tests.DemoTest" duration-ms="11962" started-at="2021-09-18T08:26:35 IST" finished-at="2021-09-18T08:26:47 IST">
    <groups>
    </groups>
    <test name="Command line test" duration-ms="11962" started-at="2021-09-18T08:26:35 IST" finished-at="2021-09-18T08:26:47 IST">
      <class name="com.jbk.tests.DemoTest">
        <test-method status="PASS" signature="test01()[pri:0, instance:com.jbk.tests.DemoTest@e45f292]" name="test01" duration-ms="11659" started-at="2021-09-18T08:26:35 IST" finished-at="2021-09-18T08:26:47 IST">
          <reporter-output>
          </reporter-output>
        </test-method> <!-- test01 -->
      </class> <!-- com.jbk.tests.DemoTest -->
    </test> <!-- Command line test -->
  </suite> <!-- com.jbk.tests.DemoTest -->
</testng-results>
